<?xml version="1.0" encoding="UTF-8"?>
<!-- Generated by org.testng.reporters.JUnitXMLReporter -->
<testsuite hostname="Yamini-PC" ignored="0" name="Test1" tests="1" failures="1" timestamp="17 Apr 2021 17:11:58 GMT" time="23.829" errors="0">
  <testcase name="browser" time="23.321" classname="org.testng.CrossBrowser">
    <failure type="org.openqa.selenium.SessionNotCreatedException" message="session not created: This version of ChromeDriver only supports Chrome version 90
Current browser version is 89.0.4389.128 with binary path C:\Program Files\Google\Chrome\Application\chrome.exe
Build info: version: &amp;apos;3.141.59&amp;apos;, revision: &amp;apos;e82be7d358&amp;apos;, time: &amp;apos;2018-11-14T08:17:03&amp;apos;
System info: host: &amp;apos;YAMINI-PC&amp;apos;, ip: &amp;apos;192.168.43.21&amp;apos;, os.name: &amp;apos;Windows 7&amp;apos;, os.arch: &amp;apos;x86&amp;apos;, os.version: &amp;apos;6.1&amp;apos;, java.version: &amp;apos;1.8.0_121&amp;apos;
Driver info: driver.version: ChromeDriver
remote stacktrace: Backtrace:
	Ordinal0 [0x00D0C013+2474003]
	Ordinal0 [0x00CA29C1+2042305]
	Ordinal0 [0x00BB2F68+1060712]
	Ordinal0 [0x00BD188E+1185934]
	Ordinal0 [0x00BCD600+1168896]
	Ordinal0 [0x00BCAA83+1157763]
	Ordinal0 [0x00BFA2A2+1352354]
	Ordinal0 [0x00BF8FAA+1347498]
	Ordinal0 [0x00BF66DB+1337051]
	Ordinal0 [0x00BD3427+1192999]
	Ordinal0 [0x00BD42EE+1196782]
	Ordinal0 [0x00BD4279+1196665]
	GetHandleVerifier [0x00E996FC+1590332]
	GetHandleVerifier [0x00F48614+2306900]
	GetHandleVerifier [0x00D99E93+543699]
	GetHandleVerifier [0x00D992CE+540686]
	Ordinal0 [0x00CA86BA+2066106]
	Ordinal0 [0x00CAD1C8+2085320]
	Ordinal0 [0x00CAD308+2085640]
	Ordinal0 [0x00CB67F3+2123763]
	BaseThreadInitThunk [0x75CE3C45+18]
	RtlInitializeExceptionChain [0x776437F5+239]
	RtlInitializeExceptionChain [0x776437C8+194]
">
      <![CDATA[org.openqa.selenium.SessionNotCreatedException: session not created: This version of ChromeDriver only supports Chrome version 90
Current browser version is 89.0.4389.128 with binary path C:\Program Files\Google\Chrome\Application\chrome.exe
Build info: version: '3.141.59', revision: 'e82be7d358', time: '2018-11-14T08:17:03'
System info: host: 'YAMINI-PC', ip: '192.168.43.21', os.name: 'Windows 7', os.arch: 'x86', os.version: '6.1', java.version: '1.8.0_121'
Driver info: driver.version: ChromeDriver
remote stacktrace: Backtrace:
Ordinal0 [0x00D0C013+2474003]
Ordinal0 [0x00CA29C1+2042305]
Ordinal0 [0x00BB2F68+1060712]
Ordinal0 [0x00BD188E+1185934]
Ordinal0 [0x00BCD600+1168896]
Ordinal0 [0x00BCAA83+1157763]
Ordinal0 [0x00BFA2A2+1352354]
Ordinal0 [0x00BF8FAA+1347498]
Ordinal0 [0x00BF66DB+1337051]
Ordinal0 [0x00BD3427+1192999]
Ordinal0 [0x00BD42EE+1196782]
Ordinal0 [0x00BD4279+1196665]
GetHandleVerifier [0x00E996FC+1590332]
GetHandleVerifier [0x00F48614+2306900]
GetHandleVerifier [0x00D99E93+543699]
GetHandleVerifier [0x00D992CE+540686]
Ordinal0 [0x00CA86BA+2066106]
Ordinal0 [0x00CAD1C8+2085320]
Ordinal0 [0x00CAD308+2085640]
Ordinal0 [0x00CB67F3+2123763]
BaseThreadInitThunk [0x75CE3C45+18]
RtlInitializeExceptionChain [0x776437F5+239]
RtlInitializeExceptionChain [0x776437C8+194]

at org.openqa.selenium.remote.W3CHandshakeResponse.lambda$errorHandler$0(W3CHandshakeResponse.java:62)
at org.openqa.selenium.remote.HandshakeResponse.lambda$getResponseFunction$0(HandshakeResponse.java:30)
at org.openqa.selenium.remote.ProtocolHandshake.lambda$createSession$0(ProtocolHandshake.java:126)
at java.util.stream.ReferencePipeline$3$1.accept(ReferencePipeline.java:193)
at java.util.Spliterators$ArraySpliterator.tryAdvance(Spliterators.java:958)
at java.util.stream.ReferencePipeline.forEachWithCancel(ReferencePipeline.java:126)
at java.util.stream.AbstractPipeline.copyIntoWithCancel(AbstractPipeline.java:498)
at java.util.stream.AbstractPipeline.copyInto(AbstractPipeline.java:485)
at java.util.stream.AbstractPipeline.wrapAndCopyInto(AbstractPipeline.java:471)
at java.util.stream.FindOps$FindOp.evaluateSequential(FindOps.java:152)
at java.util.stream.AbstractPipeline.evaluate(AbstractPipeline.java:234)
at java.util.stream.ReferencePipeline.findFirst(ReferencePipeline.java:464)
at org.openqa.selenium.remote.ProtocolHandshake.createSession(ProtocolHandshake.java:128)
at org.openqa.selenium.remote.ProtocolHandshake.createSession(ProtocolHandshake.java:74)
at org.openqa.selenium.remote.HttpCommandExecutor.execute(HttpCommandExecutor.java:136)
at org.openqa.selenium.remote.service.DriverCommandExecutor.execute(DriverCommandExecutor.java:83)
at org.openqa.selenium.remote.RemoteWebDriver.execute(RemoteWebDriver.java:552)
at org.openqa.selenium.remote.RemoteWebDriver.startSession(RemoteWebDriver.java:213)
at org.openqa.selenium.remote.RemoteWebDriver.<init>(RemoteWebDriver.java:131)
at org.openqa.selenium.chrome.ChromeDriver.<init>(ChromeDriver.java:181)
at org.openqa.selenium.chrome.ChromeDriver.<init>(ChromeDriver.java:168)
at org.openqa.selenium.chrome.ChromeDriver.<init>(ChromeDriver.java:123)
at java.util.concurrent.FutureTask.run(FutureTask.java:266)
at java.util.concurrent.ThreadPoolExecutor.runWorker(ThreadPoolExecutor.java:1142)
at java.util.concurrent.ThreadPoolExecutor$Worker.run(ThreadPoolExecutor.java:617)
at java.lang.Thread.run(Thread.java:745)
... Removed 21 stack frames]]>
    </failure>
  </testcase> <!-- browser -->
</testsuite> <!-- Test1 -->
